2025-05-14 05:15:20 - Configuration file C:\Users\Culle\AppData\Local\Temp\.net\ORMIInstaller\UEA_c_tLzHqddP7Sh83b1bToc4ifkvQ=\ORMIConfig.json not found.
2025-05-14 05:15:21 - Loaded installed mods from C:\Users\Culle\AppData\Roaming\ORMI\ORMIInstalledMods.json
2025-05-14 05:15:21 - Mod list updated with 2 mods.
2025-05-14 05:16:27 - Loaded configuration from D:\SteamLibrary\steamapps\common\Oblivion Remastered\ORMIConfig.json: InstallDir=D:\SteamLibrary\steamapps\common\Oblivion Remastered
2025-05-14 05:16:27 - Saved configuration to D:\SteamLibrary\steamapps\common\Oblivion Remastered\ORMIConfig.json
2025-05-14 05:16:27 - Mod list updated with 2 mods.
2025-05-14 05:16:27 - Installation directory set to: D:\SteamLibrary\steamapps\common\Oblivion Remastered
2025-05-14 05:16:30 - Deleted Mod file: D:\SteamLibrary\steamapps\common\Oblivion Remastered\OblivionRemastered\Content\Dev\ObvData\Data\UnlimitedRingsRedux.esp
2025-05-14 05:16:30 - Removed UnlimitedRingsRedux.esp from plugins.txt
2025-05-14 05:16:30 - Saved installed mods to C:\Users\Culle\AppData\Roaming\ORMI\ORMIInstalledMods.json
2025-05-14 05:16:30 - Mod list updated with 1 mods.
2025-05-14 05:16:32 - Mod '' removed successfully.
2025-05-14 05:16:46 - Mod file selected: C:\Users\Culle\Downloads\Unlimited Rings Redux-2457-1-0-4-1747104938.zip
2025-05-14 05:16:49 - Starting installation from C:\Users\Culle\Downloads\Unlimited Rings Redux-2457-1-0-4-1747104938.zip to D:\SteamLibrary\steamapps\common\Oblivion Remastered
2025-05-14 05:16:49 - Loaded configuration from D:\SteamLibrary\steamapps\common\Oblivion Remastered\ORMIConfig.json: InstallDir=D:\SteamLibrary\steamapps\common\Oblivion Remastered
2025-05-14 05:16:49 - Extracted .zip archive successfully: C:\Users\Culle\Downloads\Unlimited Rings Redux-2457-1-0-4-1747104938.zip
2025-05-14 05:16:49 - Added .esp to plugins.txt: UnlimitedRingsRedux.esp
2025-05-14 05:16:49 - Saved installed mods to C:\Users\Culle\AppData\Roaming\ORMI\ORMIInstalledMods.json
2025-05-14 05:16:49 - Saved configuration to D:\SteamLibrary\steamapps\common\Oblivion Remastered\ORMIConfig.json
2025-05-14 05:16:49 - Mod list updated with 2 mods.
2025-05-14 05:16:51 - Mod installation completed successfully.
2025-05-14 05:16:51 - Cleaned up temporary directory: C:\Users\Culle\AppData\Local\Temp\8783d970-dbd9-4543-87f7-7f641585acdd
2025-05-14 05:16:59 - Mod file selected: C:\Users\Culle\Downloads\UE4SS-32-0-0-7-1746458208.zip
2025-05-14 05:17:00 - Starting installation from C:\Users\Culle\Downloads\UE4SS-32-0-0-7-1746458208.zip to D:\SteamLibrary\steamapps\common\Oblivion Remastered
2025-05-14 05:17:00 - Loaded configuration from D:\SteamLibrary\steamapps\common\Oblivion Remastered\ORMIConfig.json: InstallDir=D:\SteamLibrary\steamapps\common\Oblivion Remastered
2025-05-14 05:17:01 - Extracted .zip archive successfully: C:\Users\Culle\Downloads\UE4SS-32-0-0-7-1746458208.zip
2025-05-14 05:17:01 - Copied UE4SS file to D:\SteamLibrary\steamapps\common\Oblivion Remastered\OblivionRemastered\Binaries\Win64\dwmapi.dll
2025-05-14 05:17:01 - Copied UE4SS file to D:\SteamLibrary\steamapps\common\Oblivion Remastered\OblivionRemastered\Binaries\Win64\Readme.txt
2025-05-14 05:17:01 - Copied UE4SS file to D:\SteamLibrary\steamapps\common\Oblivion Remastered\OblivionRemastered\Binaries\Win64\ue4ss\UE4SS-settings.ini
2025-05-14 05:17:01 - Copied UE4SS file to D:\SteamLibrary\steamapps\common\Oblivion Remastered\OblivionRemastered\Binaries\Win64\ue4ss\UE4SS.dll
2025-05-14 05:17:01 - Copied UE4SS file to D:\SteamLibrary\steamapps\common\Oblivion Remastered\OblivionRemastered\Binaries\Win64\ue4ss\UE4SS.pdb
2025-05-14 05:17:01 - Copied UE4SS file to D:\SteamLibrary\steamapps\common\Oblivion Remastered\OblivionRemastered\Binaries\Win64\ue4ss\Mods\mods.json
2025-05-14 05:17:01 - Copied UE4SS file to D:\SteamLibrary\steamapps\common\Oblivion Remastered\OblivionRemastered\Binaries\Win64\ue4ss\Mods\mods.txt
2025-05-14 05:17:01 - Copied UE4SS file to D:\SteamLibrary\steamapps\common\Oblivion Remastered\OblivionRemastered\Binaries\Win64\ue4ss\Mods\BPModLoaderMod\load_order.txt
2025-05-14 05:17:01 - Copied UE4SS file to D:\SteamLibrary\steamapps\common\Oblivion Remastered\OblivionRemastered\Binaries\Win64\ue4ss\Mods\BPML_GenericFunctions\Scripts\main.lua
2025-05-14 05:17:01 - Copied UE4SS file to D:\SteamLibrary\steamapps\common\Oblivion Remastered\OblivionRemastered\Binaries\Win64\ue4ss\Mods\BPModLoaderMod\Scripts\main.lua
2025-05-14 05:17:01 - Copied UE4SS file to D:\SteamLibrary\steamapps\common\Oblivion Remastered\OblivionRemastered\Binaries\Win64\ue4ss\Mods\shared\UEHelpers\UEHelpers.lua
2025-05-14 05:17:01 - Saved installed mods to C:\Users\Culle\AppData\Roaming\ORMI\ORMIInstalledMods.json
2025-05-14 05:17:01 - Saved configuration to D:\SteamLibrary\steamapps\common\Oblivion Remastered\ORMIConfig.json
2025-05-14 05:17:01 - Mod list updated with 3 mods.
2025-05-14 05:17:02 - UE4SS installation completed successfully.
2025-05-14 05:17:02 - Cleaned up temporary directory: C:\Users\Culle\AppData\Local\Temp\a1dc8d17-88b3-4229-b266-a84935be21b1
2025-05-14 05:17:09 - Mod file selected: C:\Users\Culle\Downloads\OBSE64-282-0-1-0-1745869925.7z
2025-05-14 05:17:09 - Starting installation from C:\Users\Culle\Downloads\OBSE64-282-0-1-0-1745869925.7z to D:\SteamLibrary\steamapps\common\Oblivion Remastered
2025-05-14 05:17:09 - Loaded configuration from D:\SteamLibrary\steamapps\common\Oblivion Remastered\ORMIConfig.json: InstallDir=D:\SteamLibrary\steamapps\common\Oblivion Remastered
2025-05-14 05:17:10 - Extracted .7z archive successfully: C:\Users\Culle\Downloads\OBSE64-282-0-1-0-1745869925.7z
2025-05-14 05:17:10 - Copied OBSE64 file to D:\SteamLibrary\steamapps\common\Oblivion Remastered\OblivionRemastered\Binaries\Win64\obse64_0_411_140.dll
2025-05-14 05:17:10 - Copied OBSE64 file to D:\SteamLibrary\steamapps\common\Oblivion Remastered\OblivionRemastered\Binaries\Win64\obse64_loader.exe
2025-05-14 05:17:10 - Copied OBSE64 file to D:\SteamLibrary\steamapps\common\Oblivion Remastered\OblivionRemastered\Binaries\Win64\obse64_readme.txt
2025-05-14 05:17:10 - Copied OBSE64 file to D:\SteamLibrary\steamapps\common\Oblivion Remastered\OblivionRemastered\Binaries\Win64\obse64_whatsnew.txt
2025-05-14 05:17:10 - Copied OBSE64 file to D:\SteamLibrary\steamapps\common\Oblivion Remastered\OblivionRemastered\Binaries\Win64\obse64-0.1.0.tar.gz
2025-05-14 05:17:12 - Deleted existing OBSE64 file: D:\SteamLibrary\steamapps\common\Oblivion Remastered\OblivionRemastered\Binaries\Win64\obse64_0_411_140.dll
2025-05-14 05:17:12 - Deleted existing OBSE64 file: D:\SteamLibrary\steamapps\common\Oblivion Remastered\OblivionRemastered\Binaries\Win64\obse64_loader.exe
2025-05-14 05:17:12 - Deleted existing OBSE64 file: D:\SteamLibrary\steamapps\common\Oblivion Remastered\OblivionRemastered\Binaries\Win64\obse64_readme.txt
2025-05-14 05:17:12 - Deleted existing OBSE64 file: D:\SteamLibrary\steamapps\common\Oblivion Remastered\OblivionRemastered\Binaries\Win64\obse64_whatsnew.txt
2025-05-14 05:17:12 - Deleted existing OBSE64 file: D:\SteamLibrary\steamapps\common\Oblivion Remastered\OblivionRemastered\Binaries\Win64\obse64-0.1.0.tar.gz
2025-05-14 05:17:12 - Saved installed mods to C:\Users\Culle\AppData\Roaming\ORMI\ORMIInstalledMods.json
2025-05-14 05:17:12 - Saved configuration to D:\SteamLibrary\steamapps\common\Oblivion Remastered\ORMIConfig.json
2025-05-14 05:17:12 - Mod list updated with 3 mods.
2025-05-14 05:17:13 - OBSE64 installation completed successfully.
2025-05-14 05:17:13 - Cleaned up temporary directory: C:\Users\Culle\AppData\Local\Temp\59157b70-1425-47f2-bf89-e1a5b02bf42b
2025-05-14 05:29:40 - Configuration file C:\Users\Culle\AppData\Local\Temp\.net\ORMI\U4QPv6ROzWSvFxLuEOH+p22lhyJoLog=\ORMIConfig.json not found.
2025-05-14 05:29:40 - Loaded installed mods from C:\Users\Culle\AppData\Roaming\ORMI\ORMIInstalledMods.json
2025-05-14 05:29:40 - Mod list updated with 3 mods.
2025-05-14 05:30:05 - Loaded configuration from D:\SteamLibrary\steamapps\common\Oblivion Remastered\ORMIConfig.json: InstallDir=D:\SteamLibrary\steamapps\common\Oblivion Remastered
2025-05-14 05:30:05 - Saved configuration to D:\SteamLibrary\steamapps\common\Oblivion Remastered\ORMIConfig.json
2025-05-14 05:30:05 - Mod list updated with 3 mods.
2025-05-14 05:30:05 - Installation directory set to: D:\SteamLibrary\steamapps\common\Oblivion Remastered
2025-05-14 05:30:17 - Configuration file C:\Users\Culle\AppData\Local\Temp\.net\ORMI\U4QPv6ROzWSvFxLuEOH+p22lhyJoLog=\ORMIConfig.json not found.
2025-05-14 05:30:17 - Loaded installed mods from C:\Users\Culle\AppData\Roaming\ORMI\ORMIInstalledMods.json
2025-05-14 05:30:17 - Mod list updated with 3 mods.
